Arguments: 
  C:\Program Files\nodejs\node.exe C:\Users\JeremyH\AppData\Roaming\npm\node_modules\yarn\bin\yarn.js add webpack --dev

PATH: 
  C:\Windows\system32;C:\Windows;C:\Windows\System32\Wbem;C:\Windows\System32\WindowsPowerShell\v1.0\;C:\Windows\System32\OpenSSH\;C:\Program Files\NVIDIA Corporation\NVIDIA NvDLISR;C:\Program Files\Git\cmd;C:\Program Files\nodejs\;C:\Users\JeremyH\AppData\Local\Microsoft\WindowsApps;C:\flutter\bin;C:\Users\JeremyH\AppData\Roaming\npm;C:\Users\JeremyH\AppData\Local\Programs\Microsoft VS Code\bin

Yarn version: 
  1.22.10

Node version: 
  14.17.1

Platform: 
  win32 x64

Trace: 
  SyntaxError: C:\Code\webpack-demo1\package.json: Unexpected token } in JSON at position 164
      at JSON.parse (<anonymous>)
      at C:\Users\JeremyH\AppData\Roaming\npm\node_modules\yarn\lib\cli.js:1625:59
      at Generator.next (<anonymous>)
      at step (C:\Users\JeremyH\AppData\Roaming\npm\node_modules\yarn\lib\cli.js:310:30)
      at C:\Users\JeremyH\AppData\Roaming\npm\node_modules\yarn\lib\cli.js:321:13

npm manifest: 
  {
      "name": "webpack-demo1",
      "version": "1.0.0",
      "main": "index.js",
      "author": "Jeremy Hart <jeremynhart@gmail.com>",
      "license": "Open License",
  
  };

yarn manifest: 
  No manifest

Lockfile: 
  No lockfile
